2020-12-02 16:00:43,150 - selenium - INFO - 读取浏览器配置,值为chrome
2020-12-02 16:00:43,150 - selenium - INFO - 读取url,值为http://192.168.75.245:9020/user/login?redirect=%2Fiversion%2Fupdate
2020-12-02 16:00:48,391 - selenium - INFO - 打开chrome浏览器
2020-12-02 16:00:49,937 - selenium - INFO - 访问url
2020-12-02 16:00:54,061 - selenium - INFO - 浏览器最大化
2020-12-02 16:00:54,063 - selenium - INFO - 设置静态等待时间10秒
2020-12-02 16:00:56,118 - selenium - INFO - 元素定位成功。定位方式：xpath，使用的值：//input[@placeholder="请输入帐户名"]
2020-12-02 16:00:56,171 - selenium - INFO - 点击元素成功
2020-12-02 16:00:58,225 - selenium - INFO - 元素定位成功。定位方式：xpath，使用的值：//input[@placeholder="请输入帐户名"]
2020-12-02 16:00:58,361 - selenium - INFO - 输入的内容：jianghuakun
2020-12-02 16:01:00,413 - selenium - INFO - 元素定位成功。定位方式：xpath，使用的值：//input[@placeholder="请输入密码"]
2020-12-02 16:01:00,442 - selenium - INFO - 点击元素成功
2020-12-02 16:01:02,495 - selenium - INFO - 元素定位成功。定位方式：xpath，使用的值：//input[@placeholder="请输入密码"]
2020-12-02 16:01:02,565 - selenium - INFO - 输入的内容：123456
2020-12-02 16:01:04,619 - selenium - INFO - 元素定位成功。定位方式：xpath，使用的值：//input[@placeholder="请输入验证码"]
2020-12-02 16:01:04,648 - selenium - INFO - 点击元素成功
2020-12-02 16:01:06,726 - selenium - INFO - 元素定位成功。定位方式：xpath，使用的值：//input[@placeholder="请输入验证码"]
2020-12-02 16:01:06,816 - selenium - INFO - 输入的内容："7rar"
2020-12-02 16:01:06,864 - selenium - INFO - 元素定位成功。定位方式：xpath，使用的值：//input[@placeholder="请输入验证码"]
2020-12-02 16:01:06,952 - selenium - INFO - 输入的内容："hsam"
2020-12-02 16:01:09,006 - selenium - INFO - 元素定位成功。定位方式：xpath，使用的值：//button[@type="submit"]
2020-12-02 16:01:09,042 - selenium - INFO - 点击元素成功
