2020-12-02 16:57:20,730 - selenium - INFO - 读取浏览器配置,值为chrome
2020-12-02 16:57:20,730 - selenium - INFO - 读取url,值为http://192.168.75.245:9020/user/login?redirect=%2Fiversion%2Fupdate
2020-12-02 16:57:25,985 - selenium - INFO - 打开chrome浏览器
2020-12-02 16:57:28,503 - selenium - INFO - 访问url
2020-12-02 16:57:32,619 - selenium - INFO - 浏览器最大化
2020-12-02 16:57:32,620 - selenium - INFO - 设置静态等待时间10秒
2020-12-02 16:57:34,671 - selenium - INFO - 元素定位成功。定位方式：xpath，使用的值：//input[@placeholder="请输入帐户名"]
2020-12-02 16:57:34,722 - selenium - INFO - 点击元素成功
2020-12-02 16:57:36,778 - selenium - INFO - 元素定位成功。定位方式：xpath，使用的值：//input[@placeholder="请输入帐户名"]
2020-12-02 16:57:36,911 - selenium - INFO - 输入的内容：jianghuakun
2020-12-02 16:57:38,966 - selenium - INFO - 元素定位成功。定位方式：xpath，使用的值：//input[@placeholder="请输入密码"]
2020-12-02 16:57:38,997 - selenium - INFO - 点击元素成功
2020-12-02 16:57:41,048 - selenium - INFO - 元素定位成功。定位方式：xpath，使用的值：//input[@placeholder="请输入密码"]
2020-12-02 16:57:41,121 - selenium - INFO - 输入的内容：123456
2020-12-02 16:57:43,172 - selenium - INFO - 元素定位成功。定位方式：xpath，使用的值：//input[@placeholder="请输入验证码"]
2020-12-02 16:57:43,203 - selenium - INFO - 点击元素成功
2020-12-02 16:57:45,280 - selenium - INFO - 元素定位成功。定位方式：xpath，使用的值：//input[@placeholder="请输入验证码"]
2020-12-02 16:57:45,353 - selenium - INFO - 输入的内容：df3a
2020-12-02 16:57:47,405 - selenium - INFO - 元素定位成功。定位方式：xpath，使用的值：//button[@type="submit"]
2020-12-02 16:57:47,444 - selenium - INFO - 点击元素成功
2020-12-02 16:57:49,491 - selenium - INFO - 读取浏览器配置,值为chrome
2020-12-02 16:57:49,491 - selenium - INFO - 读取url,值为http://192.168.75.245:9020/dashboard/analysis
2020-12-02 16:57:54,743 - selenium - INFO - 打开chrome浏览器
2020-12-02 16:57:57,041 - selenium - INFO - 访问url
2020-12-02 16:58:01,158 - selenium - INFO - 浏览器最大化
2020-12-02 16:58:01,159 - selenium - INFO - 设置静态等待时间10秒
