2020-12-02 16:09:54,127 - selenium - INFO - 读取浏览器配置,值为chrome
2020-12-02 16:09:54,127 - selenium - INFO - 读取url,值为http://192.168.75.245:9020/user/login?redirect=%2Fiversion%2Fupdate
2020-12-02 16:09:59,329 - selenium - INFO - 打开chrome浏览器
2020-12-02 16:10:00,959 - selenium - INFO - 访问url
2020-12-02 16:10:05,092 - selenium - INFO - 浏览器最大化
2020-12-02 16:10:05,093 - selenium - INFO - 设置静态等待时间10秒
2020-12-02 16:10:07,148 - selenium - INFO - 元素定位成功。定位方式：xpath，使用的值：//input[@placeholder="请输入帐户名"]
2020-12-02 16:10:07,197 - selenium - INFO - 点击元素成功
2020-12-02 16:10:09,255 - selenium - INFO - 元素定位成功。定位方式：xpath，使用的值：//input[@placeholder="请输入帐户名"]
2020-12-02 16:10:09,389 - selenium - INFO - 输入的内容：jianghuakun
2020-12-02 16:10:11,440 - selenium - INFO - 元素定位成功。定位方式：xpath，使用的值：//input[@placeholder="请输入密码"]
2020-12-02 16:10:11,470 - selenium - INFO - 点击元素成功
2020-12-02 16:10:13,523 - selenium - INFO - 元素定位成功。定位方式：xpath，使用的值：//input[@placeholder="请输入密码"]
2020-12-02 16:10:13,594 - selenium - INFO - 输入的内容：123456
2020-12-02 16:10:15,645 - selenium - INFO - 元素定位成功。定位方式：xpath，使用的值：//input[@placeholder="请输入验证码"]
2020-12-02 16:10:15,677 - selenium - INFO - 点击元素成功
2020-12-02 16:10:17,749 - selenium - INFO - 元素定位成功。定位方式：xpath，使用的值：//input[@placeholder="请输入验证码"]
2020-12-02 16:10:17,821 - selenium - INFO - 输入的内容：qvpa
2020-12-02 16:10:19,873 - selenium - INFO - 元素定位成功。定位方式：xpath，使用的值：//button[@type="submit"]
2020-12-02 16:10:19,909 - selenium - INFO - 点击元素成功
