2020-12-02 16:04:10,963 - selenium - INFO - 读取浏览器配置,值为chrome
2020-12-02 16:04:10,963 - selenium - INFO - 读取url,值为http://192.168.75.245:9020/user/login?redirect=%2Fiversion%2Fupdate
2020-12-02 16:04:16,175 - selenium - INFO - 打开chrome浏览器
2020-12-02 16:04:18,537 - selenium - INFO - 访问url
2020-12-02 16:04:22,652 - selenium - INFO - 浏览器最大化
2020-12-02 16:04:22,653 - selenium - INFO - 设置静态等待时间10秒
2020-12-02 16:04:24,703 - selenium - INFO - 元素定位成功。定位方式：xpath，使用的值：//input[@placeholder="请输入帐户名"]
2020-12-02 16:04:24,754 - selenium - INFO - 点击元素成功
2020-12-02 16:04:26,815 - selenium - INFO - 元素定位成功。定位方式：xpath，使用的值：//input[@placeholder="请输入帐户名"]
2020-12-02 16:04:26,943 - selenium - INFO - 输入的内容：jianghuakun
2020-12-02 16:04:28,997 - selenium - INFO - 元素定位成功。定位方式：xpath，使用的值：//input[@placeholder="请输入密码"]
2020-12-02 16:04:29,024 - selenium - INFO - 点击元素成功
2020-12-02 16:04:31,076 - selenium - INFO - 元素定位成功。定位方式：xpath，使用的值：//input[@placeholder="请输入密码"]
2020-12-02 16:04:31,145 - selenium - INFO - 输入的内容：123456
2020-12-02 16:04:33,195 - selenium - INFO - 元素定位成功。定位方式：xpath，使用的值：//input[@placeholder="请输入验证码"]
2020-12-02 16:04:33,225 - selenium - INFO - 点击元素成功
2020-12-02 16:04:35,303 - selenium - INFO - 元素定位成功。定位方式：xpath，使用的值：//input[@placeholder="请输入验证码"]
2020-12-02 16:04:35,389 - selenium - INFO - 输入的内容："sezn"
2020-12-02 16:04:37,438 - selenium - INFO - 元素定位成功。定位方式：xpath，使用的值：//button[@type="submit"]
2020-12-02 16:04:37,475 - selenium - INFO - 点击元素成功
