2020-12-02 15:11:12,908 - selenium - INFO - 读取浏览器配置,值为chrome
2020-12-02 15:11:12,908 - selenium - INFO - 读取url,值为http://192.168.75.245:9020/user/login?redirect=%2Fiversion%2Fupdate
2020-12-02 15:11:18,139 - selenium - INFO - 打开chrome浏览器
2020-12-02 15:11:20,418 - selenium - INFO - 访问url
2020-12-02 15:11:24,538 - selenium - INFO - 浏览器最大化
2020-12-02 15:11:24,539 - selenium - INFO - 设置静态等待时间10秒
2020-12-02 15:11:28,587 - selenium - INFO - 元素定位成功。定位方式：xpath，使用的值：//input[@placeholder="请输入帐户名"]
2020-12-02 15:11:28,653 - selenium - INFO - 点击元素成功
2020-12-02 15:11:30,708 - selenium - INFO - 元素定位成功。定位方式：xpath，使用的值：//input[@placeholder="请输入帐户名"]
2020-12-02 15:11:30,838 - selenium - INFO - 输入的内容：jianghuakun
2020-12-02 15:11:32,893 - selenium - INFO - 元素定位成功。定位方式：xpath，使用的值：//input[@placeholder="请输入密码"]
2020-12-02 15:11:32,926 - selenium - INFO - 点击元素成功
2020-12-02 15:11:34,983 - selenium - INFO - 元素定位成功。定位方式：xpath，使用的值：//input[@placeholder="请输入密码"]
2020-12-02 15:11:34,999 - selenium - ERROR - 内容输入报错
Traceback (most recent call last):
  File "D:\python\python36-64\project\Python3-Selenium-master\Common\basePage.py", line 123, in type
    element.send_keys(value)
  File "D:\python\python36-64\lib\site-packages\selenium\webdriver\remote\webelement.py", line 478, in send_keys
    {'text': "".join(keys_to_typing(value)),
  File "D:\python\python36-64\lib\site-packages\selenium\webdriver\common\utils.py", line 150, in keys_to_typing
    for i in range(len(val)):
TypeError: object of type 'float' has no len()
2020-12-02 15:11:36,041 - selenium - INFO - 截图保存成功
2020-12-02 15:11:38,095 - selenium - INFO - 元素定位成功。定位方式：xpath，使用的值：//input[@placeholder="请输入验证码"]
2020-12-02 15:11:38,126 - selenium - INFO - 点击元素成功
2020-12-02 15:11:40,180 - selenium - INFO - 元素定位成功。定位方式：xpath，使用的值：//input[@placeholder="请输入验证码"]
2020-12-02 15:11:40,197 - selenium - ERROR - 内容输入报错
Traceback (most recent call last):
  File "D:\python\python36-64\project\Python3-Selenium-master\Common\basePage.py", line 123, in type
    element.send_keys(value)
  File "D:\python\python36-64\lib\site-packages\selenium\webdriver\remote\webelement.py", line 478, in send_keys
    {'text': "".join(keys_to_typing(value)),
  File "D:\python\python36-64\lib\site-packages\selenium\webdriver\common\utils.py", line 150, in keys_to_typing
    for i in range(len(val)):
TypeError: object of type 'NoneType' has no len()
2020-12-02 15:11:41,247 - selenium - INFO - 截图保存成功
2020-12-02 15:11:43,299 - selenium - INFO - 元素定位成功。定位方式：xpath，使用的值：//button[@type="submit"]
2020-12-02 15:11:43,353 - selenium - INFO - 点击元素成功
