2020-12-02 17:05:36,793 - selenium - INFO - 读取浏览器配置,值为chrome
2020-12-02 17:05:36,793 - selenium - INFO - 读取url,值为http://192.168.75.245:9020/user/login?redirect=%2Fiversion%2Fupdate
2020-12-02 17:05:42,099 - selenium - INFO - 打开chrome浏览器
2020-12-02 17:05:44,331 - selenium - INFO - 访问url
2020-12-02 17:05:48,448 - selenium - INFO - 浏览器最大化
2020-12-02 17:05:48,450 - selenium - INFO - 设置静态等待时间10秒
2020-12-02 17:05:50,507 - selenium - INFO - 元素定位成功。定位方式：xpath，使用的值：//input[@placeholder="请输入帐户名"]
2020-12-02 17:05:50,558 - selenium - INFO - 点击元素成功
2020-12-02 17:05:52,618 - selenium - INFO - 元素定位成功。定位方式：xpath，使用的值：//input[@placeholder="请输入帐户名"]
2020-12-02 17:05:52,752 - selenium - INFO - 输入的内容：jianghuakun
2020-12-02 17:05:54,807 - selenium - INFO - 元素定位成功。定位方式：xpath，使用的值：//input[@placeholder="请输入密码"]
2020-12-02 17:05:54,840 - selenium - INFO - 点击元素成功
2020-12-02 17:05:56,892 - selenium - INFO - 元素定位成功。定位方式：xpath，使用的值：//input[@placeholder="请输入密码"]
2020-12-02 17:05:56,963 - selenium - INFO - 输入的内容：123456
2020-12-02 17:05:59,018 - selenium - INFO - 元素定位成功。定位方式：xpath，使用的值：//input[@placeholder="请输入验证码"]
2020-12-02 17:05:59,053 - selenium - INFO - 点击元素成功
2020-12-02 17:06:01,134 - selenium - INFO - 元素定位成功。定位方式：xpath，使用的值：//input[@placeholder="请输入验证码"]
2020-12-02 17:06:01,210 - selenium - INFO - 输入的内容：gbhk
2020-12-02 17:06:03,263 - selenium - INFO - 元素定位成功。定位方式：xpath，使用的值：//button[@type="submit"]
2020-12-02 17:06:03,301 - selenium - INFO - 点击元素成功
2020-12-02 17:06:13,384 - selenium - ERROR - 没有定位到元素,定位方式：xpath，使用的值：//header[@class="ant-layout-header ant-header-side-opened"]/div[@class="header light"]/i[@class="trigger anticon anticon-menu-fold"]/span
Traceback (most recent call last):
  File "D:\python\python36-64\project\Python3-Selenium-master\Common\basePage.py", line 102, in get_element
    element = self.driver.find_element_by_xpath(value)
  File "D:\python\python36-64\lib\site-packages\selenium\webdriver\remote\webdriver.py", line 394, in find_element_by_xpath
    return self.find_element(by=By.XPATH, value=xpath)
  File "D:\python\python36-64\lib\site-packages\selenium\webdriver\remote\webdriver.py", line 978, in find_element
    'value': value})['value']
  File "D:\python\python36-64\lib\site-packages\selenium\webdriver\remote\webdriver.py", line 321, in execute
    self.error_handler.check_response(response)
  File "D:\python\python36-64\lib\site-packages\selenium\webdriver\remote\errorhandler.py", line 242, in check_response
    raise exception_class(message, screen, stacktrace)
selenium.common.exceptions.NoSuchElementException: Message: no such element: Unable to locate element: {"method":"xpath","selector":"//header[@class="ant-layout-header ant-header-side-opened"]/div[@class="header light"]/i[@class="trigger anticon anticon-menu-fold"]/span"}
  (Session info: chrome=80.0.3987.149)

