2020-12-02 15:22:06,877 - selenium - INFO - 读取浏览器配置,值为chrome
2020-12-02 15:22:06,877 - selenium - INFO - 读取url,值为http://192.168.75.245:9020/user/login?redirect=%2Fiversion%2Fupdate
2020-12-02 15:22:12,140 - selenium - INFO - 打开chrome浏览器
2020-12-02 15:22:13,487 - selenium - INFO - 访问url
2020-12-02 15:22:17,614 - selenium - INFO - 浏览器最大化
2020-12-02 15:22:17,616 - selenium - INFO - 设置静态等待时间10秒
2020-12-02 15:22:19,678 - selenium - INFO - 元素定位成功。定位方式：xpath，使用的值：//input[@placeholder="请输入帐户名"]
2020-12-02 15:22:19,730 - selenium - INFO - 点击元素成功
2020-12-02 15:22:21,799 - selenium - INFO - 元素定位成功。定位方式：xpath，使用的值：//input[@placeholder="请输入帐户名"]
2020-12-02 15:22:21,952 - selenium - INFO - 输入的内容：jianghuakun
2020-12-02 15:22:24,008 - selenium - INFO - 元素定位成功。定位方式：xpath，使用的值：//input[@placeholder="请输入密码"]
2020-12-02 15:22:24,037 - selenium - INFO - 点击元素成功
2020-12-02 15:22:26,092 - selenium - INFO - 元素定位成功。定位方式：xpath，使用的值：//input[@placeholder="请输入密码"]
2020-12-02 15:22:26,108 - selenium - ERROR - 内容输入报错
Traceback (most recent call last):
  File "D:\python\python36-64\project\Python3-Selenium-master\Common\basePage.py", line 127, in type
    element.send_keys(value)
  File "D:\python\python36-64\lib\site-packages\selenium\webdriver\remote\webelement.py", line 478, in send_keys
    {'text': "".join(keys_to_typing(value)),
  File "D:\python\python36-64\lib\site-packages\selenium\webdriver\common\utils.py", line 150, in keys_to_typing
    for i in range(len(val)):
TypeError: object of type 'float' has no len()
2020-12-02 15:22:27,077 - selenium - INFO - 截图保存成功
2020-12-02 15:22:29,131 - selenium - INFO - 元素定位成功。定位方式：xpath，使用的值：//input[@placeholder="请输入验证码"]
2020-12-02 15:22:29,163 - selenium - INFO - 点击元素成功
2020-12-02 15:22:31,217 - selenium - INFO - 元素定位成功。定位方式：xpath，使用的值：//input[@placeholder="请输入验证码"]
2020-12-02 15:22:31,235 - selenium - ERROR - 内容输入报错
Traceback (most recent call last):
  File "D:\python\python36-64\project\Python3-Selenium-master\Common\basePage.py", line 127, in type
    element.send_keys(value)
  File "D:\python\python36-64\lib\site-packages\selenium\webdriver\remote\webelement.py", line 478, in send_keys
    {'text': "".join(keys_to_typing(value)),
  File "D:\python\python36-64\lib\site-packages\selenium\webdriver\common\utils.py", line 150, in keys_to_typing
    for i in range(len(val)):
TypeError: object of type 'NoneType' has no len()
2020-12-02 15:22:32,188 - selenium - INFO - 截图保存成功
2020-12-02 15:22:34,244 - selenium - INFO - 元素定位成功。定位方式：xpath，使用的值：//button[@type="submit"]
2020-12-02 15:22:34,298 - selenium - INFO - 点击元素成功
