2020-12-02 16:07:27,619 - selenium - INFO - 读取浏览器配置,值为chrome
2020-12-02 16:07:27,619 - selenium - INFO - 读取url,值为http://192.168.75.245:9020/user/login?redirect=%2Fiversion%2Fupdate
2020-12-02 16:07:32,861 - selenium - INFO - 打开chrome浏览器
2020-12-02 16:07:35,041 - selenium - INFO - 访问url
2020-12-02 16:07:39,162 - selenium - INFO - 浏览器最大化
2020-12-02 16:07:39,164 - selenium - INFO - 设置静态等待时间10秒
2020-12-02 16:07:41,213 - selenium - INFO - 元素定位成功。定位方式：xpath，使用的值：//input[@placeholder="请输入帐户名"]
2020-12-02 16:07:41,263 - selenium - INFO - 点击元素成功
2020-12-02 16:07:43,319 - selenium - INFO - 元素定位成功。定位方式：xpath，使用的值：//input[@placeholder="请输入帐户名"]
2020-12-02 16:07:43,448 - selenium - INFO - 输入的内容：jianghuakun
2020-12-02 16:07:45,499 - selenium - INFO - 元素定位成功。定位方式：xpath，使用的值：//input[@placeholder="请输入密码"]
2020-12-02 16:07:45,527 - selenium - INFO - 点击元素成功
2020-12-02 16:07:47,579 - selenium - INFO - 元素定位成功。定位方式：xpath，使用的值：//input[@placeholder="请输入密码"]
2020-12-02 16:07:47,650 - selenium - INFO - 输入的内容：123456
2020-12-02 16:07:49,701 - selenium - INFO - 元素定位成功。定位方式：xpath，使用的值：//input[@placeholder="请输入验证码"]
2020-12-02 16:07:49,733 - selenium - INFO - 点击元素成功
2020-12-02 16:07:51,810 - selenium - INFO - 元素定位成功。定位方式：xpath，使用的值：//input[@placeholder="请输入验证码"]
2020-12-02 16:07:51,881 - selenium - INFO - 输入的内容：nfwd
2020-12-02 16:07:51,929 - selenium - INFO - 元素定位成功。定位方式：xpath，使用的值：//input[@placeholder="请输入验证码"]
2020-12-02 16:07:52,000 - selenium - INFO - 输入的内容：5fff
2020-12-02 16:07:54,050 - selenium - INFO - 元素定位成功。定位方式：xpath，使用的值：//button[@type="submit"]
2020-12-02 16:07:54,087 - selenium - INFO - 点击元素成功
