2020-12-02 15:29:21,890 - selenium - INFO - 读取浏览器配置,值为chrome
2020-12-02 15:29:21,890 - selenium - INFO - 读取url,值为http://192.168.75.245:9020/user/login?redirect=%2Fiversion%2Fupdate
2020-12-02 15:29:27,190 - selenium - INFO - 打开chrome浏览器
2020-12-02 15:29:28,935 - selenium - INFO - 访问url
2020-12-02 15:29:33,051 - selenium - INFO - 浏览器最大化
2020-12-02 15:29:33,052 - selenium - INFO - 设置静态等待时间10秒
2020-12-02 15:29:35,095 - selenium - INFO - 元素定位成功。定位方式：xpath，使用的值：//input[@placeholder="请输入帐户名"]
2020-12-02 15:29:35,145 - selenium - INFO - 点击元素成功
2020-12-02 15:29:37,204 - selenium - INFO - 元素定位成功。定位方式：xpath，使用的值：//input[@placeholder="请输入帐户名"]
2020-12-02 15:29:37,338 - selenium - INFO - 输入的内容：jianghuakun
2020-12-02 15:29:39,389 - selenium - INFO - 元素定位成功。定位方式：xpath，使用的值：//input[@placeholder="请输入密码"]
2020-12-02 15:29:39,432 - selenium - INFO - 点击元素成功
2020-12-02 15:29:41,485 - selenium - INFO - 元素定位成功。定位方式：xpath，使用的值：//input[@placeholder="请输入密码"]
2020-12-02 15:29:41,503 - selenium - ERROR - 内容输入报错
Traceback (most recent call last):
  File "D:\python\python36-64\project\Python3-Selenium-master\Common\basePage.py", line 128, in type
    element.send_keys(value)
  File "D:\python\python36-64\lib\site-packages\selenium\webdriver\remote\webelement.py", line 478, in send_keys
    {'text': "".join(keys_to_typing(value)),
  File "D:\python\python36-64\lib\site-packages\selenium\webdriver\common\utils.py", line 150, in keys_to_typing
    for i in range(len(val)):
TypeError: object of type 'float' has no len()
2020-12-02 15:29:42,467 - selenium - INFO - 截图保存成功
2020-12-02 15:29:44,518 - selenium - INFO - 元素定位成功。定位方式：xpath，使用的值：//input[@placeholder="请输入验证码"]
2020-12-02 15:29:44,549 - selenium - INFO - 点击元素成功
2020-12-02 15:29:46,599 - selenium - INFO - 元素定位成功。定位方式：xpath，使用的值：//input[@placeholder="请输入验证码"]
2020-12-02 15:29:46,615 - selenium - ERROR - 内容输入报错
Traceback (most recent call last):
  File "D:\python\python36-64\project\Python3-Selenium-master\Common\basePage.py", line 128, in type
    element.send_keys(value)
  File "D:\python\python36-64\lib\site-packages\selenium\webdriver\remote\webelement.py", line 478, in send_keys
    {'text': "".join(keys_to_typing(value)),
  File "D:\python\python36-64\lib\site-packages\selenium\webdriver\common\utils.py", line 150, in keys_to_typing
    for i in range(len(val)):
TypeError: object of type 'NoneType' has no len()
2020-12-02 15:29:47,574 - selenium - INFO - 截图保存成功
2020-12-02 15:29:49,624 - selenium - INFO - 元素定位成功。定位方式：xpath，使用的值：//button[@type="submit"]
2020-12-02 15:29:49,679 - selenium - INFO - 点击元素成功
