2020-12-02 17:21:00,063 - selenium - INFO - 读取浏览器配置,值为chrome
2020-12-02 17:21:00,063 - selenium - INFO - 读取url,值为http://192.168.75.245:9020/user/login?redirect=%2Fiversion%2Fupdate
2020-12-02 17:21:05,326 - selenium - INFO - 打开chrome浏览器
2020-12-02 17:21:07,071 - selenium - INFO - 访问url
2020-12-02 17:21:11,185 - selenium - INFO - 浏览器最大化
2020-12-02 17:21:11,185 - selenium - INFO - 设置静态等待时间10秒
2020-12-02 17:21:13,244 - selenium - INFO - 元素定位成功。定位方式：xpath，使用的值：//input[@placeholder="请输入帐户名"]
2020-12-02 17:21:13,288 - selenium - INFO - 点击元素成功
2020-12-02 17:21:15,359 - selenium - INFO - 元素定位成功。定位方式：xpath，使用的值：//input[@placeholder="请输入帐户名"]
2020-12-02 17:21:15,531 - selenium - INFO - 输入的内容：jianghuakun
2020-12-02 17:21:17,596 - selenium - INFO - 元素定位成功。定位方式：xpath，使用的值：//input[@placeholder="请输入密码"]
2020-12-02 17:21:17,624 - selenium - INFO - 点击元素成功
2020-12-02 17:21:19,683 - selenium - INFO - 元素定位成功。定位方式：xpath，使用的值：//input[@placeholder="请输入密码"]
2020-12-02 17:21:19,772 - selenium - INFO - 输入的内容：123456
2020-12-02 17:21:21,834 - selenium - INFO - 元素定位成功。定位方式：xpath，使用的值：//input[@placeholder="请输入验证码"]
2020-12-02 17:21:21,861 - selenium - INFO - 点击元素成功
2020-12-02 17:21:23,945 - selenium - INFO - 元素定位成功。定位方式：xpath，使用的值：//input[@placeholder="请输入验证码"]
2020-12-02 17:21:24,023 - selenium - INFO - 输入的内容：kqwk
2020-12-02 17:21:26,087 - selenium - INFO - 元素定位成功。定位方式：xpath，使用的值：//button[@type="submit"]
2020-12-02 17:21:26,125 - selenium - INFO - 点击元素成功
2020-12-02 17:21:38,202 - selenium - ERROR - 没有定位到元素,定位方式：xpath，使用的值：//a[@class="router-link-exact-active router-link-active" and @aria-current="page"]/i[@aria-label="图标: home" and @class="anticon anticon-home"]/span
Traceback (most recent call last):
  File "D:\python\python36-64\project\Python3-Selenium-master\Common\basePage.py", line 102, in get_element
    element = self.driver.find_element_by_xpath(value)
  File "D:\python\python36-64\lib\site-packages\selenium\webdriver\remote\webdriver.py", line 394, in find_element_by_xpath
    return self.find_element(by=By.XPATH, value=xpath)
  File "D:\python\python36-64\lib\site-packages\selenium\webdriver\remote\webdriver.py", line 978, in find_element
    'value': value})['value']
  File "D:\python\python36-64\lib\site-packages\selenium\webdriver\remote\webdriver.py", line 321, in execute
    self.error_handler.check_response(response)
  File "D:\python\python36-64\lib\site-packages\selenium\webdriver\remote\errorhandler.py", line 242, in check_response
    raise exception_class(message, screen, stacktrace)
selenium.common.exceptions.NoSuchElementException: Message: no such element: Unable to locate element: {"method":"xpath","selector":"//a[@class="router-link-exact-active router-link-active" and @aria-current="page"]/i[@aria-label="图标: home" and @class="anticon anticon-home"]/span"}
  (Session info: chrome=80.0.3987.149)

