2020-12-02 16:50:39,115 - selenium - INFO - 读取浏览器配置,值为chrome
2020-12-02 16:50:39,115 - selenium - INFO - 读取url,值为http://192.168.75.245:9020/user/login?redirect=%2Fiversion%2Fupdate
2020-12-02 16:50:44,440 - selenium - INFO - 打开chrome浏览器
2020-12-02 16:50:46,750 - selenium - INFO - 访问url
2020-12-02 16:50:50,865 - selenium - INFO - 浏览器最大化
2020-12-02 16:50:50,866 - selenium - INFO - 设置静态等待时间10秒
2020-12-02 16:50:52,917 - selenium - INFO - 元素定位成功。定位方式：xpath，使用的值：//input[@placeholder="请输入帐户名"]
2020-12-02 16:50:52,968 - selenium - INFO - 点击元素成功
2020-12-02 16:50:55,024 - selenium - INFO - 元素定位成功。定位方式：xpath，使用的值：//input[@placeholder="请输入帐户名"]
2020-12-02 16:50:55,157 - selenium - INFO - 输入的内容：jianghuakun
2020-12-02 16:50:57,210 - selenium - INFO - 元素定位成功。定位方式：xpath，使用的值：//input[@placeholder="请输入密码"]
2020-12-02 16:50:57,242 - selenium - INFO - 点击元素成功
2020-12-02 16:50:59,293 - selenium - INFO - 元素定位成功。定位方式：xpath，使用的值：//input[@placeholder="请输入密码"]
2020-12-02 16:50:59,364 - selenium - INFO - 输入的内容：123456
2020-12-02 16:51:01,418 - selenium - INFO - 元素定位成功。定位方式：xpath，使用的值：//input[@placeholder="请输入验证码"]
2020-12-02 16:51:01,450 - selenium - INFO - 点击元素成功
2020-12-02 16:51:03,527 - selenium - INFO - 元素定位成功。定位方式：xpath，使用的值：//input[@placeholder="请输入验证码"]
2020-12-02 16:51:03,602 - selenium - INFO - 输入的内容：jlht
2020-12-02 16:51:05,651 - selenium - INFO - 元素定位成功。定位方式：xpath，使用的值：//button[@type="submit"]
2020-12-02 16:51:05,689 - selenium - INFO - 点击元素成功
2020-12-02 16:51:15,800 - selenium - ERROR - 没有定位到元素,定位方式：xpath，使用的值：//a[@class="router-link-exact-active router-link-active"]/i/span
Traceback (most recent call last):
  File "D:\python\python36-64\project\Python3-Selenium-master\Common\basePage.py", line 102, in get_element
    element = self.driver.find_element_by_xpath(value)
  File "D:\python\python36-64\lib\site-packages\selenium\webdriver\remote\webdriver.py", line 394, in find_element_by_xpath
    return self.find_element(by=By.XPATH, value=xpath)
  File "D:\python\python36-64\lib\site-packages\selenium\webdriver\remote\webdriver.py", line 978, in find_element
    'value': value})['value']
  File "D:\python\python36-64\lib\site-packages\selenium\webdriver\remote\webdriver.py", line 321, in execute
    self.error_handler.check_response(response)
  File "D:\python\python36-64\lib\site-packages\selenium\webdriver\remote\errorhandler.py", line 242, in check_response
    raise exception_class(message, screen, stacktrace)
selenium.common.exceptions.NoSuchElementException: Message: no such element: Unable to locate element: {"method":"xpath","selector":"//a[@class="router-link-exact-active router-link-active"]/i/span"}
  (Session info: chrome=80.0.3987.149)

