2020-12-23 14:48:18,840 - selenium - INFO - 读取浏览器配置,值为chrome
2020-12-23 14:48:18,879 - selenium - INFO - 读取url,值为https://www.baidu.com/
2020-12-23 14:48:24,926 - selenium - INFO - 打开chrome浏览器
2020-12-23 14:48:25,512 - selenium - INFO - 访问url
2020-12-23 14:48:29,643 - selenium - INFO - 浏览器最大化
2020-12-23 14:48:29,644 - selenium - INFO - 设置静态等待时间10秒
2020-12-23 14:48:29,792 - selenium - INFO - 元素定位成功。定位方式：xpath，使用的值：//div[@id="s-top-left"]/a
2020-12-23 14:48:29,807 - selenium - INFO - 获取的text：新闻
2020-12-23 14:48:32,016 - selenium - INFO - 元素定位成功。定位方式：xpath，使用的值：//div[@id="s-top-left"]/a
2020-12-23 14:48:34,112 - selenium - INFO - 元素定位成功。定位方式：xpath，使用的值：//input[@id="kw"]
2020-12-23 14:48:34,166 - selenium - INFO - 点击元素成功
2020-12-23 14:48:34,246 - selenium - INFO - 元素定位成功。定位方式：xpath，使用的值：//input[@id="kw"]
2020-12-23 14:48:34,254 - selenium - INFO - 输入的内容：name
2020-12-23 14:48:34,338 - selenium - INFO - 元素定位成功。定位方式：xpath，使用的值：//input[@id="kw"]
2020-12-23 14:48:34,346 - selenium - INFO - 输入的内容：name
2020-12-23 14:48:36,438 - selenium - INFO - 元素定位成功。定位方式：id，使用的值：kw
2020-12-23 14:48:36,470 - selenium - INFO - 点击元素成功
2020-12-23 14:48:38,552 - selenium - INFO - 元素定位成功。定位方式：name，使用的值：wd
2020-12-23 14:48:38,572 - selenium - INFO - 点击元素成功
2020-12-23 14:48:40,631 - selenium - INFO - 元素定位成功。定位方式：class，使用的值：s_ipt
2020-12-23 14:48:40,649 - selenium - INFO - 点击元素成功
2020-12-23 14:48:40,702 - selenium - INFO - 当前打开的title是：百度一下，你就知道
2020-12-23 14:48:42,763 - selenium - INFO - 元素定位成功。定位方式：xpath，使用的值：//input[@id="su"]
2020-12-23 14:48:42,998 - selenium - INFO - 点击元素成功
2020-12-23 14:48:53,069 - selenium - INFO - 强制等待10秒
2020-12-23 14:48:55,132 - selenium - INFO - 元素定位成功。定位方式：id，使用的值：kw
2020-12-23 14:48:55,270 - selenium - INFO - 输入的内容：python3
2020-12-23 14:49:05,322 - selenium - INFO - 强制等待10秒
2020-12-23 14:49:07,392 - selenium - INFO - 元素定位成功。定位方式：xpath，使用的值：//div[@id="u"]/a[@class="toindex"]
2020-12-23 14:49:07,641 - selenium - INFO - 点击元素成功
2020-12-23 14:49:17,711 - selenium - INFO - 强制等待10秒
2020-12-23 14:49:19,774 - selenium - INFO - 元素定位成功。定位方式：xpath，使用的值：//div[@id="s-top-left"]/a
2020-12-23 14:49:19,916 - selenium - INFO - 点击元素成功
2020-12-23 14:49:30,016 - selenium - INFO - 强制等待10秒
