2020-12-03 15:17:32,212 - selenium - INFO - 读取浏览器配置,值为chrome
2020-12-03 15:17:32,212 - selenium - INFO - 读取url,值为https://www.baidu.com/
2020-12-03 15:17:37,403 - selenium - INFO - 打开chrome浏览器
2020-12-03 15:17:37,926 - selenium - INFO - 访问url
2020-12-03 15:17:42,042 - selenium - INFO - 浏览器最大化
2020-12-03 15:17:42,043 - selenium - INFO - 设置静态等待时间10秒
2020-12-03 15:17:42,104 - selenium - INFO - 元素定位成功。定位方式：xpath，使用的值：//div[@id="s-top-left"]/a
2020-12-03 15:17:42,115 - selenium - INFO - 获取的text：新闻
2020-12-03 15:17:44,166 - selenium - INFO - 元素定位成功。定位方式：xpath，使用的值：//div[@id="s-top-left"]/a
2020-12-03 15:17:46,228 - selenium - INFO - 元素定位成功。定位方式：xpath，使用的值：//input[@id="kw"]
2020-12-03 15:17:46,259 - selenium - INFO - 点击元素成功
2020-12-03 15:17:46,309 - selenium - INFO - 元素定位成功。定位方式：xpath，使用的值：//input[@id="kw"]
2020-12-03 15:17:46,315 - selenium - INFO - 输入的内容：name
2020-12-03 15:17:48,365 - selenium - INFO - 元素定位成功。定位方式：id，使用的值：kw
2020-12-03 15:17:48,384 - selenium - INFO - 点击元素成功
2020-12-03 15:17:50,435 - selenium - INFO - 元素定位成功。定位方式：name，使用的值：wd
2020-12-03 15:17:50,451 - selenium - INFO - 点击元素成功
2020-12-03 15:17:52,501 - selenium - INFO - 元素定位成功。定位方式：class，使用的值：s_ipt
2020-12-03 15:17:52,524 - selenium - INFO - 点击元素成功
2020-12-03 15:17:52,571 - selenium - INFO - 当前打开的title是：百度一下，你就知道
2020-12-03 15:17:54,621 - selenium - INFO - 元素定位成功。定位方式：xpath，使用的值：//input[@id="su"]
2020-12-03 15:17:54,883 - selenium - INFO - 点击元素成功
2020-12-03 15:18:04,941 - selenium - INFO - 强制等待10秒
