2020-12-03 14:57:44,950 - selenium - INFO - 读取浏览器配置,值为chrome
2020-12-03 14:57:44,950 - selenium - INFO - 读取url,值为https://www.baidu.com/
2020-12-03 14:57:50,154 - selenium - INFO - 打开chrome浏览器
2020-12-03 14:57:50,786 - selenium - INFO - 访问url
2020-12-03 14:57:54,909 - selenium - INFO - 浏览器最大化
2020-12-03 14:57:54,910 - selenium - INFO - 设置静态等待时间10秒
2020-12-03 14:57:54,967 - selenium - INFO - 元素定位成功。定位方式：xpath，使用的值：//div[@id="s-top-left"]/a
2020-12-03 14:57:54,977 - selenium - INFO - 获取的text：新闻
2020-12-03 14:57:57,026 - selenium - INFO - 元素定位成功。定位方式：xpath，使用的值：//div[@id="s-top-left"]/a
2020-12-03 14:57:59,087 - selenium - INFO - 元素定位成功。定位方式：xpath，使用的值：//input[@id="kw"]
2020-12-03 14:57:59,119 - selenium - INFO - 点击元素成功
2020-12-03 14:58:01,168 - selenium - INFO - 元素定位成功。定位方式：id，使用的值：kw
2020-12-03 14:58:01,185 - selenium - INFO - 点击元素成功
2020-12-03 14:58:03,238 - selenium - INFO - 元素定位成功。定位方式：name，使用的值：wd
2020-12-03 14:58:03,254 - selenium - INFO - 点击元素成功
2020-12-03 14:58:05,302 - selenium - INFO - 元素定位成功。定位方式：class，使用的值：s_ipt
2020-12-03 14:58:05,319 - selenium - INFO - 点击元素成功
2020-12-03 14:58:07,372 - selenium - INFO - 元素定位成功。定位方式：xpath，使用的值：//input[@id="su"]
2020-12-03 14:58:07,589 - selenium - INFO - 点击元素成功
2020-12-03 14:58:17,648 - selenium - INFO - 强制等待10秒
