2020-12-03 15:27:57,536 - selenium - INFO - 读取浏览器配置,值为chrome
2020-12-03 15:27:57,536 - selenium - INFO - 读取url,值为https://www.baidu.com/
2020-12-03 15:28:02,786 - selenium - INFO - 打开chrome浏览器
2020-12-03 15:28:03,276 - selenium - INFO - 访问url
2020-12-03 15:28:07,392 - selenium - INFO - 浏览器最大化
2020-12-03 15:28:07,393 - selenium - INFO - 设置静态等待时间10秒
2020-12-03 15:28:07,453 - selenium - INFO - 元素定位成功。定位方式：xpath，使用的值：//div[@id="s-top-left"]/a
2020-12-03 15:28:07,465 - selenium - INFO - 获取的text：新闻
2020-12-03 15:28:09,520 - selenium - INFO - 元素定位成功。定位方式：xpath，使用的值：//div[@id="s-top-left"]/a
2020-12-03 15:28:11,583 - selenium - INFO - 元素定位成功。定位方式：xpath，使用的值：//input[@id="kw"]
2020-12-03 15:28:11,615 - selenium - INFO - 点击元素成功
2020-12-03 15:28:11,664 - selenium - INFO - 元素定位成功。定位方式：xpath，使用的值：//input[@id="kw"]
2020-12-03 15:28:11,669 - selenium - INFO - 输入的内容：name
2020-12-03 15:28:11,718 - selenium - INFO - 元素定位成功。定位方式：xpath，使用的值：//input[@id="kw"]
2020-12-03 15:28:11,723 - selenium - INFO - 输入的内容：name
2020-12-03 15:28:13,775 - selenium - INFO - 元素定位成功。定位方式：id，使用的值：kw
2020-12-03 15:28:13,791 - selenium - INFO - 点击元素成功
2020-12-03 15:28:15,843 - selenium - INFO - 元素定位成功。定位方式：name，使用的值：wd
2020-12-03 15:28:15,860 - selenium - INFO - 点击元素成功
2020-12-03 15:28:17,912 - selenium - INFO - 元素定位成功。定位方式：class，使用的值：s_ipt
2020-12-03 15:28:17,930 - selenium - INFO - 点击元素成功
2020-12-03 15:28:17,977 - selenium - INFO - 当前打开的title是：百度一下，你就知道
2020-12-03 15:28:20,030 - selenium - INFO - 元素定位成功。定位方式：xpath，使用的值：//input[@id="su"]
2020-12-03 15:28:20,322 - selenium - INFO - 点击元素成功
2020-12-03 15:28:30,378 - selenium - INFO - 强制等待10秒
