2020-12-03 15:25:53,501 - selenium - INFO - 读取浏览器配置,值为chrome
2020-12-03 15:25:53,501 - selenium - INFO - 读取url,值为https://www.baidu.com/
2020-12-03 15:25:58,704 - selenium - INFO - 打开chrome浏览器
2020-12-03 15:25:59,399 - selenium - INFO - 访问url
2020-12-03 15:26:03,516 - selenium - INFO - 浏览器最大化
2020-12-03 15:26:03,518 - selenium - INFO - 设置静态等待时间10秒
2020-12-03 15:26:03,608 - selenium - INFO - 元素定位成功。定位方式：xpath，使用的值：//div[@id="s-top-left"]/a
2020-12-03 15:26:03,622 - selenium - INFO - 获取的text：新闻
2020-12-03 15:26:05,685 - selenium - INFO - 元素定位成功。定位方式：xpath，使用的值：//div[@id="s-top-left"]/a
2020-12-03 15:26:07,746 - selenium - INFO - 元素定位成功。定位方式：xpath，使用的值：//input[@id="kw"]
2020-12-03 15:26:07,778 - selenium - INFO - 点击元素成功
2020-12-03 15:26:07,830 - selenium - INFO - 元素定位成功。定位方式：xpath，使用的值：//input[@id="kw"]
2020-12-03 15:26:07,835 - selenium - INFO - 输入的内容：name
2020-12-03 15:26:07,888 - selenium - INFO - 元素定位成功。定位方式：xpath，使用的值：//input[@id="kw"]
2020-12-03 15:26:07,893 - selenium - INFO - 输入的内容：name
2020-12-03 15:26:09,944 - selenium - INFO - 元素定位成功。定位方式：id，使用的值：kw
2020-12-03 15:26:09,961 - selenium - INFO - 点击元素成功
2020-12-03 15:26:12,012 - selenium - INFO - 元素定位成功。定位方式：name，使用的值：wd
2020-12-03 15:26:12,029 - selenium - INFO - 点击元素成功
2020-12-03 15:26:14,079 - selenium - INFO - 元素定位成功。定位方式：class，使用的值：s_ipt
2020-12-03 15:26:14,096 - selenium - INFO - 点击元素成功
2020-12-03 15:26:14,143 - selenium - INFO - 当前打开的title是：百度一下，你就知道
2020-12-03 15:26:16,193 - selenium - INFO - 元素定位成功。定位方式：xpath，使用的值：//input[@id="su"]
2020-12-03 15:26:16,498 - selenium - INFO - 点击元素成功
2020-12-03 15:26:26,558 - selenium - INFO - 强制等待10秒
