2020-12-03 17:46:10,601 - selenium - INFO - 读取浏览器配置,值为chrome
2020-12-03 17:46:10,601 - selenium - INFO - 读取url,值为https://www.baidu.com/
2020-12-03 17:46:15,811 - selenium - INFO - 打开chrome浏览器
2020-12-03 17:46:16,372 - selenium - INFO - 访问url
2020-12-03 17:46:20,492 - selenium - INFO - 浏览器最大化
2020-12-03 17:46:20,493 - selenium - INFO - 设置静态等待时间10秒
2020-12-03 17:46:20,544 - selenium - INFO - 元素定位成功。定位方式：xpath，使用的值：//div[@id="s-top-left"]/a
2020-12-03 17:46:20,554 - selenium - INFO - 获取的text：新闻
2020-12-03 17:46:22,605 - selenium - INFO - 元素定位成功。定位方式：xpath，使用的值：//div[@id="s-top-left"]/a
2020-12-03 17:46:24,665 - selenium - INFO - 元素定位成功。定位方式：xpath，使用的值：//input[@id="kw"]
2020-12-03 17:46:24,696 - selenium - INFO - 点击元素成功
2020-12-03 17:46:24,745 - selenium - INFO - 元素定位成功。定位方式：xpath，使用的值：//input[@id="kw"]
2020-12-03 17:46:24,750 - selenium - INFO - 输入的内容：name
2020-12-03 17:46:24,799 - selenium - INFO - 元素定位成功。定位方式：xpath，使用的值：//input[@id="kw"]
2020-12-03 17:46:24,804 - selenium - INFO - 输入的内容：name
2020-12-03 17:46:26,855 - selenium - INFO - 元素定位成功。定位方式：id，使用的值：kw
2020-12-03 17:46:26,872 - selenium - INFO - 点击元素成功
2020-12-03 17:46:28,921 - selenium - INFO - 元素定位成功。定位方式：name，使用的值：wd
2020-12-03 17:46:28,937 - selenium - INFO - 点击元素成功
2020-12-03 17:46:30,987 - selenium - INFO - 元素定位成功。定位方式：class，使用的值：s_ipt
2020-12-03 17:46:31,005 - selenium - INFO - 点击元素成功
2020-12-03 17:46:31,056 - selenium - INFO - 当前打开的title是：百度一下，你就知道
2020-12-03 17:46:33,112 - selenium - INFO - 元素定位成功。定位方式：xpath，使用的值：//input[@id="su"]
2020-12-03 17:46:33,369 - selenium - INFO - 点击元素成功
2020-12-03 17:46:43,430 - selenium - INFO - 强制等待10秒
2020-12-03 17:46:45,481 - selenium - INFO - 元素定位成功。定位方式：id，使用的值：kw
2020-12-03 17:46:45,597 - selenium - INFO - 输入的内容：python3
2020-12-03 17:46:55,646 - selenium - INFO - 强制等待10秒
2020-12-03 17:46:57,698 - selenium - INFO - 元素定位成功。定位方式：xpath，使用的值：//div[@id="u"]/a[@class="toindex"]
2020-12-03 17:46:57,938 - selenium - INFO - 点击元素成功
2020-12-03 17:47:07,987 - selenium - INFO - 强制等待10秒
