2020-12-03 17:51:30,384 - selenium - INFO - 读取浏览器配置,值为chrome
2020-12-03 17:51:30,384 - selenium - INFO - 读取url,值为https://www.baidu.com/
2020-12-03 17:51:35,592 - selenium - INFO - 打开chrome浏览器
2020-12-03 17:51:36,312 - selenium - INFO - 访问url
2020-12-03 17:51:40,428 - selenium - INFO - 浏览器最大化
2020-12-03 17:51:40,429 - selenium - INFO - 设置静态等待时间10秒
2020-12-03 17:51:40,503 - selenium - INFO - 元素定位成功。定位方式：xpath，使用的值：//div[@id="s-top-left"]/a
2020-12-03 17:51:40,514 - selenium - INFO - 获取的text：新闻
2020-12-03 17:51:42,569 - selenium - INFO - 元素定位成功。定位方式：xpath，使用的值：//div[@id="s-top-left"]/a
2020-12-03 17:51:44,629 - selenium - INFO - 元素定位成功。定位方式：xpath，使用的值：//input[@id="kw"]
2020-12-03 17:51:44,662 - selenium - INFO - 点击元素成功
2020-12-03 17:51:44,711 - selenium - INFO - 元素定位成功。定位方式：xpath，使用的值：//input[@id="kw"]
2020-12-03 17:51:44,717 - selenium - INFO - 输入的内容：name
2020-12-03 17:51:44,765 - selenium - INFO - 元素定位成功。定位方式：xpath，使用的值：//input[@id="kw"]
2020-12-03 17:51:44,770 - selenium - INFO - 输入的内容：name
2020-12-03 17:51:46,819 - selenium - INFO - 元素定位成功。定位方式：id，使用的值：kw
2020-12-03 17:51:46,836 - selenium - INFO - 点击元素成功
2020-12-03 17:51:48,887 - selenium - INFO - 元素定位成功。定位方式：name，使用的值：wd
2020-12-03 17:51:48,903 - selenium - INFO - 点击元素成功
2020-12-03 17:51:50,954 - selenium - INFO - 元素定位成功。定位方式：class，使用的值：s_ipt
2020-12-03 17:51:50,971 - selenium - INFO - 点击元素成功
2020-12-03 17:51:51,016 - selenium - INFO - 当前打开的title是：百度一下，你就知道
2020-12-03 17:51:53,066 - selenium - INFO - 元素定位成功。定位方式：xpath，使用的值：//input[@id="su"]
2020-12-03 17:51:53,315 - selenium - INFO - 点击元素成功
2020-12-03 17:52:03,371 - selenium - INFO - 强制等待10秒
2020-12-03 17:52:05,422 - selenium - INFO - 元素定位成功。定位方式：id，使用的值：kw
2020-12-03 17:52:05,538 - selenium - INFO - 输入的内容：python3
2020-12-03 17:52:15,587 - selenium - INFO - 强制等待10秒
2020-12-03 17:52:17,637 - selenium - INFO - 元素定位成功。定位方式：xpath，使用的值：//div[@id="u"]/a[@class="toindex"]
2020-12-03 17:52:17,878 - selenium - INFO - 点击元素成功
2020-12-03 17:52:27,933 - selenium - INFO - 强制等待10秒
2020-12-03 17:52:29,984 - selenium - INFO - 元素定位成功。定位方式：xpath，使用的值：//div[@id="s-top-left"]/a
2020-12-03 17:52:30,050 - selenium - INFO - 点击元素成功
2020-12-03 17:52:40,113 - selenium - INFO - 强制等待10秒
