2020-12-03 14:46:06,939 - selenium - INFO - 读取浏览器配置,值为chrome
2020-12-03 14:46:06,939 - selenium - INFO - 读取url,值为https://www.baidu.com/
2020-12-03 14:46:12,153 - selenium - INFO - 打开chrome浏览器
2020-12-03 14:46:12,743 - selenium - INFO - 访问url
2020-12-03 14:46:16,865 - selenium - INFO - 浏览器最大化
2020-12-03 14:46:16,867 - selenium - INFO - 设置静态等待时间10秒
2020-12-03 14:46:16,958 - selenium - INFO - 元素定位成功。定位方式：xpath，使用的值：//div[@id="s-top-left"]/a
2020-12-03 14:46:16,972 - selenium - INFO - 获取的text：新闻
2020-12-03 14:46:19,038 - selenium - INFO - 元素定位成功。定位方式：xpath，使用的值：//div[@id="s-top-left"]/a
2020-12-03 14:46:21,126 - selenium - INFO - 元素定位成功。定位方式：xpath，使用的值：//input[@id="kw"]
2020-12-03 14:46:21,175 - selenium - INFO - 点击元素成功
2020-12-03 14:46:23,238 - selenium - INFO - 元素定位成功。定位方式：id，使用的值：kw
2020-12-03 14:46:23,268 - selenium - INFO - 点击元素成功
2020-12-03 14:46:25,332 - selenium - INFO - 元素定位成功。定位方式：name，使用的值：wd
2020-12-03 14:46:25,349 - selenium - INFO - 点击元素成功
2020-12-03 14:46:27,414 - selenium - INFO - 元素定位成功。定位方式：class，使用的值：s_ipt
2020-12-03 14:46:27,431 - selenium - INFO - 点击元素成功
2020-12-03 14:46:29,482 - selenium - INFO - 元素定位成功。定位方式：xpath，使用的值：//input[@id="su"]
2020-12-03 14:46:30,032 - selenium - INFO - 点击元素成功
2020-12-03 14:46:40,085 - selenium - INFO - 强制等待10秒
