2020-12-03 14:43:42,504 - selenium - INFO - 读取浏览器配置,值为chrome
2020-12-03 14:43:42,504 - selenium - INFO - 读取url,值为https://www.baidu.com/
2020-12-03 14:43:47,818 - selenium - INFO - 打开chrome浏览器
2020-12-03 14:43:48,482 - selenium - INFO - 访问url
2020-12-03 14:43:50,593 - selenium - INFO - 浏览器最大化
2020-12-03 14:43:50,594 - selenium - INFO - 设置静态等待时间10秒
2020-12-03 14:43:50,669 - selenium - INFO - 元素定位成功。定位方式：xpath，使用的值：//div[@id="s-top-left"]/a
2020-12-03 14:43:50,683 - selenium - INFO - 获取的text：新闻
2020-12-03 14:43:52,747 - selenium - INFO - 元素定位成功。定位方式：xpath，使用的值：//div[@id="s-top-left"]/a
2020-12-03 14:43:54,813 - selenium - INFO - 元素定位成功。定位方式：xpath，使用的值：//input[@id="kw"]
2020-12-03 14:43:54,845 - selenium - INFO - 点击元素成功
2020-12-03 14:43:56,901 - selenium - ERROR - 没有定位到元素,定位方式：id，使用的值：//input[@id="kw"]
Traceback (most recent call last):
  File "D:\python\python36-64\project\Python3-Selenium-master\Common\basePage.py", line 88, in get_element
    element = self.driver.find_element_by_id(value)
  File "D:\python\python36-64\lib\site-packages\selenium\webdriver\remote\webdriver.py", line 360, in find_element_by_id
    return self.find_element(by=By.ID, value=id_)
  File "D:\python\python36-64\lib\site-packages\selenium\webdriver\remote\webdriver.py", line 978, in find_element
    'value': value})['value']
  File "D:\python\python36-64\lib\site-packages\selenium\webdriver\remote\webdriver.py", line 321, in execute
    self.error_handler.check_response(response)
  File "D:\python\python36-64\lib\site-packages\selenium\webdriver\remote\errorhandler.py", line 242, in check_response
    raise exception_class(message, screen, stacktrace)
selenium.common.exceptions.InvalidSelectorException: Message: invalid selector: An invalid or illegal selector was specified
  (Session info: chrome=80.0.3987.149)

2020-12-03 14:43:56,903 - selenium - ERROR - 元素定位方式错误，请使用id，name，class，tag，link，plink，css，xpath为定位方式参数
2020-12-03 14:43:58,958 - selenium - ERROR - 没有定位到元素,定位方式：name，使用的值：//input[@name="wd"]
Traceback (most recent call last):
  File "D:\python\python36-64\project\Python3-Selenium-master\Common\basePage.py", line 90, in get_element
    element = self.driver.find_element_by_name(value)
  File "D:\python\python36-64\lib\site-packages\selenium\webdriver\remote\webdriver.py", line 496, in find_element_by_name
    return self.find_element(by=By.NAME, value=name)
  File "D:\python\python36-64\lib\site-packages\selenium\webdriver\remote\webdriver.py", line 978, in find_element
    'value': value})['value']
  File "D:\python\python36-64\lib\site-packages\selenium\webdriver\remote\webdriver.py", line 321, in execute
    self.error_handler.check_response(response)
  File "D:\python\python36-64\lib\site-packages\selenium\webdriver\remote\errorhandler.py", line 242, in check_response
    raise exception_class(message, screen, stacktrace)
selenium.common.exceptions.InvalidSelectorException: Message: invalid selector: An invalid or illegal selector was specified
  (Session info: chrome=80.0.3987.149)

2020-12-03 14:43:58,959 - selenium - ERROR - 元素定位方式错误，请使用id，name，class，tag，link，plink，css，xpath为定位方式参数
2020-12-03 14:44:01,014 - selenium - ERROR - 没有定位到元素,定位方式：class，使用的值：//input[@class="s_ipt"]
Traceback (most recent call last):
  File "D:\python\python36-64\project\Python3-Selenium-master\Common\basePage.py", line 92, in get_element
    element = self.driver.find_element_by_class_name(value)
  File "D:\python\python36-64\lib\site-packages\selenium\webdriver\remote\webdriver.py", line 564, in find_element_by_class_name
    return self.find_element(by=By.CLASS_NAME, value=name)
  File "D:\python\python36-64\lib\site-packages\selenium\webdriver\remote\webdriver.py", line 978, in find_element
    'value': value})['value']
  File "D:\python\python36-64\lib\site-packages\selenium\webdriver\remote\webdriver.py", line 321, in execute
    self.error_handler.check_response(response)
  File "D:\python\python36-64\lib\site-packages\selenium\webdriver\remote\errorhandler.py", line 242, in check_response
    raise exception_class(message, screen, stacktrace)
selenium.common.exceptions.InvalidSelectorException: Message: invalid selector: An invalid or illegal selector was specified
  (Session info: chrome=80.0.3987.149)

2020-12-03 14:44:01,015 - selenium - ERROR - 元素定位方式错误，请使用id，name，class，tag，link，plink，css，xpath为定位方式参数
2020-12-03 14:44:03,064 - selenium - INFO - 元素定位成功。定位方式：xpath，使用的值：//input[@id="su"]
2020-12-03 14:44:03,313 - selenium - INFO - 点击元素成功
2020-12-03 14:44:13,368 - selenium - INFO - 强制等待10秒
