2020-12-03 15:18:39,178 - selenium - INFO - 读取浏览器配置,值为chrome
2020-12-03 15:18:39,178 - selenium - INFO - 读取url,值为https://www.baidu.com/
2020-12-03 15:18:44,382 - selenium - INFO - 打开chrome浏览器
2020-12-03 15:18:44,855 - selenium - INFO - 访问url
2020-12-03 15:18:48,969 - selenium - INFO - 浏览器最大化
2020-12-03 15:18:48,970 - selenium - INFO - 设置静态等待时间10秒
2020-12-03 15:18:49,045 - selenium - INFO - 元素定位成功。定位方式：xpath，使用的值：//div[@id="s-top-left"]/a
2020-12-03 15:18:49,056 - selenium - INFO - 获取的text：新闻
2020-12-03 15:18:51,126 - selenium - INFO - 元素定位成功。定位方式：xpath，使用的值：//div[@id="s-top-left"]/a
2020-12-03 15:18:53,186 - selenium - INFO - 元素定位成功。定位方式：xpath，使用的值：//input[@id="kw"]
2020-12-03 15:18:53,217 - selenium - INFO - 点击元素成功
2020-12-03 15:18:53,266 - selenium - INFO - 元素定位成功。定位方式：xpath，使用的值：//input[@id="kw"]
2020-12-03 15:18:53,272 - selenium - INFO - 输入的内容：name
2020-12-03 15:18:55,322 - selenium - INFO - 元素定位成功。定位方式：id，使用的值：kw
2020-12-03 15:18:55,340 - selenium - INFO - 点击元素成功
2020-12-03 15:18:57,389 - selenium - INFO - 元素定位成功。定位方式：name，使用的值：wd
2020-12-03 15:18:57,406 - selenium - INFO - 点击元素成功
2020-12-03 15:18:59,458 - selenium - INFO - 元素定位成功。定位方式：class，使用的值：s_ipt
2020-12-03 15:18:59,475 - selenium - INFO - 点击元素成功
2020-12-03 15:18:59,521 - selenium - INFO - 当前打开的title是：百度一下，你就知道
2020-12-03 15:19:01,571 - selenium - INFO - 元素定位成功。定位方式：xpath，使用的值：//input[@id="su"]
2020-12-03 15:19:01,806 - selenium - INFO - 点击元素成功
2020-12-03 15:19:11,865 - selenium - INFO - 强制等待10秒
