2020-12-03 15:40:46,577 - selenium - INFO - 读取浏览器配置,值为chrome
2020-12-03 15:40:46,577 - selenium - INFO - 读取url,值为https://www.baidu.com/
2020-12-03 15:40:51,773 - selenium - INFO - 打开chrome浏览器
2020-12-03 15:40:52,358 - selenium - INFO - 访问url
2020-12-03 15:40:56,474 - selenium - INFO - 浏览器最大化
2020-12-03 15:40:56,475 - selenium - INFO - 设置静态等待时间10秒
2020-12-03 15:40:56,542 - selenium - INFO - 元素定位成功。定位方式：xpath，使用的值：//div[@id="s-top-left"]/a
2020-12-03 15:40:56,554 - selenium - INFO - 获取的text：新闻
2020-12-03 15:40:58,609 - selenium - INFO - 元素定位成功。定位方式：xpath，使用的值：//div[@id="s-top-left"]/a
2020-12-03 15:41:00,671 - selenium - INFO - 元素定位成功。定位方式：xpath，使用的值：//input[@id="kw"]
2020-12-03 15:41:00,702 - selenium - INFO - 点击元素成功
2020-12-03 15:41:00,754 - selenium - INFO - 元素定位成功。定位方式：xpath，使用的值：//input[@id="kw"]
2020-12-03 15:41:00,760 - selenium - INFO - 输入的内容：name
2020-12-03 15:41:00,813 - selenium - INFO - 元素定位成功。定位方式：xpath，使用的值：//input[@id="kw"]
2020-12-03 15:41:00,817 - selenium - INFO - 输入的内容：name
2020-12-03 15:41:02,873 - selenium - INFO - 元素定位成功。定位方式：id，使用的值：kw
2020-12-03 15:41:02,890 - selenium - INFO - 点击元素成功
2020-12-03 15:41:04,945 - selenium - INFO - 元素定位成功。定位方式：name，使用的值：wd
2020-12-03 15:41:04,961 - selenium - INFO - 点击元素成功
2020-12-03 15:41:07,017 - selenium - INFO - 元素定位成功。定位方式：class，使用的值：s_ipt
2020-12-03 15:41:07,034 - selenium - INFO - 点击元素成功
2020-12-03 15:41:07,082 - selenium - INFO - 当前打开的title是：百度一下，你就知道
2020-12-03 15:41:09,142 - selenium - INFO - 元素定位成功。定位方式：xpath，使用的值：//input[@id="su"]
2020-12-03 15:41:09,359 - selenium - INFO - 点击元素成功
2020-12-03 15:41:19,425 - selenium - INFO - 强制等待10秒
2020-12-03 15:41:21,475 - selenium - INFO - 元素定位成功。定位方式：id，使用的值：kw
2020-12-03 15:41:21,621 - selenium - INFO - 输入的内容：python3
2020-12-03 15:41:31,676 - selenium - INFO - 强制等待10秒
