2020-12-03 17:40:32,236 - selenium - INFO - 读取浏览器配置,值为chrome
2020-12-03 17:40:32,236 - selenium - INFO - 读取url,值为https://www.baidu.com/
2020-12-03 17:40:37,514 - selenium - INFO - 打开chrome浏览器
2020-12-03 17:40:38,056 - selenium - INFO - 访问url
2020-12-03 17:40:42,171 - selenium - INFO - 浏览器最大化
2020-12-03 17:40:42,173 - selenium - INFO - 设置静态等待时间10秒
2020-12-03 17:40:42,232 - selenium - INFO - 元素定位成功。定位方式：xpath，使用的值：//div[@id="s-top-left"]/a
2020-12-03 17:40:42,245 - selenium - INFO - 获取的text：新闻
2020-12-03 17:40:44,292 - selenium - INFO - 元素定位成功。定位方式：xpath，使用的值：//div[@id="s-top-left"]/a
2020-12-03 17:40:46,352 - selenium - INFO - 元素定位成功。定位方式：xpath，使用的值：//input[@id="kw"]
2020-12-03 17:40:46,386 - selenium - INFO - 点击元素成功
2020-12-03 17:40:46,434 - selenium - INFO - 元素定位成功。定位方式：xpath，使用的值：//input[@id="kw"]
2020-12-03 17:40:46,438 - selenium - INFO - 输入的内容：name
2020-12-03 17:40:46,485 - selenium - INFO - 元素定位成功。定位方式：xpath，使用的值：//input[@id="kw"]
2020-12-03 17:40:46,490 - selenium - INFO - 输入的内容：name
2020-12-03 17:40:48,538 - selenium - INFO - 元素定位成功。定位方式：id，使用的值：kw
2020-12-03 17:40:48,586 - selenium - INFO - 点击元素成功
2020-12-03 17:40:50,639 - selenium - INFO - 元素定位成功。定位方式：name，使用的值：wd
2020-12-03 17:40:50,655 - selenium - INFO - 点击元素成功
2020-12-03 17:40:52,706 - selenium - INFO - 元素定位成功。定位方式：class，使用的值：s_ipt
2020-12-03 17:40:52,723 - selenium - INFO - 点击元素成功
2020-12-03 17:40:52,768 - selenium - INFO - 当前打开的title是：百度一下，你就知道
2020-12-03 17:40:54,817 - selenium - INFO - 元素定位成功。定位方式：xpath，使用的值：//input[@id="su"]
2020-12-03 17:40:55,318 - selenium - INFO - 点击元素成功
2020-12-03 17:41:05,374 - selenium - INFO - 强制等待10秒
2020-12-03 17:41:07,427 - selenium - INFO - 元素定位成功。定位方式：id，使用的值：kw
2020-12-03 17:41:07,537 - selenium - INFO - 输入的内容：python3
2020-12-03 17:41:17,582 - selenium - INFO - 强制等待10秒
2020-12-03 17:41:19,636 - selenium - INFO - 元素定位成功。定位方式：xpath，使用的值：//div[@id="s-top-left"]/a
2020-12-03 17:41:29,658 - selenium - ERROR - 元素定位方式错误，请使用id，name，class，tag，link，plink，css，xpath为定位方式参数
2020-12-03 17:41:39,700 - selenium - INFO - 强制等待10秒
