2020-12-03 17:44:22,535 - selenium - INFO - 读取浏览器配置,值为chrome
2020-12-03 17:44:22,535 - selenium - INFO - 读取url,值为https://www.baidu.com/
2020-12-03 17:44:27,741 - selenium - INFO - 打开chrome浏览器
2020-12-03 17:44:28,276 - selenium - INFO - 访问url
2020-12-03 17:44:32,397 - selenium - INFO - 浏览器最大化
2020-12-03 17:44:32,398 - selenium - INFO - 设置静态等待时间10秒
2020-12-03 17:44:32,467 - selenium - INFO - 元素定位成功。定位方式：xpath，使用的值：//div[@id="s-top-left"]/a
2020-12-03 17:44:32,479 - selenium - INFO - 获取的text：新闻
2020-12-03 17:44:34,540 - selenium - INFO - 元素定位成功。定位方式：xpath，使用的值：//div[@id="s-top-left"]/a
2020-12-03 17:44:36,603 - selenium - INFO - 元素定位成功。定位方式：xpath，使用的值：//input[@id="kw"]
2020-12-03 17:44:36,636 - selenium - INFO - 点击元素成功
2020-12-03 17:44:36,686 - selenium - INFO - 元素定位成功。定位方式：xpath，使用的值：//input[@id="kw"]
2020-12-03 17:44:36,692 - selenium - INFO - 输入的内容：name
2020-12-03 17:44:36,739 - selenium - INFO - 元素定位成功。定位方式：xpath，使用的值：//input[@id="kw"]
2020-12-03 17:44:36,745 - selenium - INFO - 输入的内容：name
2020-12-03 17:44:38,796 - selenium - INFO - 元素定位成功。定位方式：id，使用的值：kw
2020-12-03 17:44:38,813 - selenium - INFO - 点击元素成功
2020-12-03 17:44:40,864 - selenium - INFO - 元素定位成功。定位方式：name，使用的值：wd
2020-12-03 17:44:40,880 - selenium - INFO - 点击元素成功
2020-12-03 17:44:42,929 - selenium - INFO - 元素定位成功。定位方式：class，使用的值：s_ipt
2020-12-03 17:44:42,946 - selenium - INFO - 点击元素成功
2020-12-03 17:44:42,992 - selenium - INFO - 当前打开的title是：百度一下，你就知道
2020-12-03 17:44:45,044 - selenium - INFO - 元素定位成功。定位方式：xpath，使用的值：//input[@id="su"]
2020-12-03 17:44:45,271 - selenium - INFO - 点击元素成功
2020-12-03 17:44:55,327 - selenium - INFO - 强制等待10秒
2020-12-03 17:44:57,393 - selenium - INFO - 元素定位成功。定位方式：id，使用的值：kw
2020-12-03 17:44:57,520 - selenium - INFO - 输入的内容：python3
2020-12-03 17:45:07,565 - selenium - INFO - 强制等待10秒
2020-12-03 17:45:09,617 - selenium - INFO - 元素定位成功。定位方式：xpath，使用的值：//div[@id="u"]/a[@class="toindex"]
2020-12-03 17:45:09,875 - selenium - INFO - 点击元素成功
2020-12-03 17:45:19,936 - selenium - INFO - 强制等待10秒
