2020-12-03 15:11:54,357 - selenium - INFO - 读取浏览器配置,值为chrome
2020-12-03 15:11:54,357 - selenium - INFO - 读取url,值为https://www.baidu.com/
2020-12-03 15:11:59,573 - selenium - INFO - 打开chrome浏览器
2020-12-03 15:12:00,100 - selenium - INFO - 访问url
2020-12-03 15:12:04,216 - selenium - INFO - 浏览器最大化
2020-12-03 15:12:04,217 - selenium - INFO - 设置静态等待时间10秒
2020-12-03 15:12:04,279 - selenium - INFO - 元素定位成功。定位方式：xpath，使用的值：//div[@id="s-top-left"]/a
2020-12-03 15:12:04,290 - selenium - INFO - 获取的text：新闻
2020-12-03 15:12:06,345 - selenium - INFO - 元素定位成功。定位方式：xpath，使用的值：//div[@id="s-top-left"]/a
2020-12-03 15:12:08,408 - selenium - INFO - 元素定位成功。定位方式：xpath，使用的值：//input[@id="kw"]
2020-12-03 15:12:08,439 - selenium - INFO - 点击元素成功
2020-12-03 15:12:10,488 - selenium - INFO - 元素定位成功。定位方式：id，使用的值：kw
2020-12-03 15:12:10,505 - selenium - INFO - 点击元素成功
2020-12-03 15:12:12,556 - selenium - INFO - 元素定位成功。定位方式：name，使用的值：wd
2020-12-03 15:12:12,573 - selenium - INFO - 点击元素成功
2020-12-03 15:12:14,623 - selenium - INFO - 元素定位成功。定位方式：class，使用的值：s_ipt
2020-12-03 15:12:14,640 - selenium - INFO - 点击元素成功
2020-12-03 15:12:14,686 - selenium - INFO - 当前打开的title是：百度一下，你就知道
2020-12-03 15:12:16,738 - selenium - INFO - 元素定位成功。定位方式：xpath，使用的值：//input[@id="su"]
2020-12-03 15:12:17,208 - selenium - INFO - 点击元素成功
2020-12-03 15:12:27,266 - selenium - INFO - 强制等待10秒
