2020-12-03 15:39:06,658 - selenium - INFO - 读取浏览器配置,值为chrome
2020-12-03 15:39:06,658 - selenium - INFO - 读取url,值为https://www.baidu.com/
2020-12-03 15:39:11,927 - selenium - INFO - 打开chrome浏览器
2020-12-03 15:39:12,657 - selenium - INFO - 访问url
2020-12-03 15:39:16,766 - selenium - INFO - 浏览器最大化
2020-12-03 15:39:16,768 - selenium - INFO - 设置静态等待时间10秒
2020-12-03 15:39:16,868 - selenium - INFO - 元素定位成功。定位方式：xpath，使用的值：//div[@id="s-top-left"]/a
2020-12-03 15:39:16,877 - selenium - INFO - 获取的text：新闻
2020-12-03 15:39:18,925 - selenium - INFO - 元素定位成功。定位方式：xpath，使用的值：//div[@id="s-top-left"]/a
2020-12-03 15:39:20,986 - selenium - INFO - 元素定位成功。定位方式：xpath，使用的值：//input[@id="kw"]
2020-12-03 15:39:21,018 - selenium - INFO - 点击元素成功
2020-12-03 15:39:21,067 - selenium - INFO - 元素定位成功。定位方式：xpath，使用的值：//input[@id="kw"]
2020-12-03 15:39:21,072 - selenium - INFO - 输入的内容：name
2020-12-03 15:39:21,129 - selenium - INFO - 元素定位成功。定位方式：xpath，使用的值：//input[@id="kw"]
2020-12-03 15:39:21,134 - selenium - INFO - 输入的内容：name
2020-12-03 15:39:23,182 - selenium - INFO - 元素定位成功。定位方式：id，使用的值：kw
2020-12-03 15:39:23,212 - selenium - INFO - 点击元素成功
2020-12-03 15:39:25,263 - selenium - INFO - 元素定位成功。定位方式：name，使用的值：wd
2020-12-03 15:39:25,279 - selenium - INFO - 点击元素成功
2020-12-03 15:39:27,332 - selenium - INFO - 元素定位成功。定位方式：class，使用的值：s_ipt
2020-12-03 15:39:27,350 - selenium - INFO - 点击元素成功
2020-12-03 15:39:27,396 - selenium - INFO - 当前打开的title是：百度一下，你就知道
2020-12-03 15:39:29,449 - selenium - INFO - 元素定位成功。定位方式：xpath，使用的值：//input[@id="su"]
2020-12-03 15:39:29,965 - selenium - INFO - 点击元素成功
2020-12-03 15:39:40,025 - selenium - INFO - 强制等待10秒
2020-12-03 15:39:42,077 - selenium - INFO - 元素定位成功。定位方式：id，使用的值：kw
2020-12-03 15:39:42,202 - selenium - INFO - 输入的内容：python3
2020-12-03 15:39:52,253 - selenium - INFO - 强制等待10秒
