2021-01-05 14:54:49,828 - selenium - INFO - 读取浏览器配置,值为chrome
2021-01-05 14:54:49,869 - selenium - INFO - 读取url,值为https://www.baidu.com/
2021-01-05 14:54:53,231 - selenium - ERROR - 浏览器打开报错
Traceback (most recent call last):
  File "D:\python\python36-64\project\Python3-Selenium-master\Common\basePage.py", line 57, in open_browser
    self.driver = webdriver.Chrome(chrome_options=option)
  File "D:\python\python36-64\lib\site-packages\selenium\webdriver\chrome\webdriver.py", line 81, in __init__
    desired_capabilities=desired_capabilities)
  File "D:\python\python36-64\lib\site-packages\selenium\webdriver\remote\webdriver.py", line 157, in __init__
    self.start_session(capabilities, browser_profile)
  File "D:\python\python36-64\lib\site-packages\selenium\webdriver\remote\webdriver.py", line 252, in start_session
    response = self.execute(Command.NEW_SESSION, parameters)
  File "D:\python\python36-64\lib\site-packages\selenium\webdriver\remote\webdriver.py", line 321, in execute
    self.error_handler.check_response(response)
  File "D:\python\python36-64\lib\site-packages\selenium\webdriver\remote\errorhandler.py", line 242, in check_response
    raise exception_class(message, screen, stacktrace)
selenium.common.exceptions.WebDriverException: Message: unknown error: cannot find Chrome binary

2021-01-05 14:55:15,899 - selenium - INFO - 强制等待10秒
2021-01-05 14:55:27,987 - selenium - INFO - 强制等待10秒
2021-01-05 14:55:40,074 - selenium - INFO - 强制等待10秒
2021-01-05 14:55:52,165 - selenium - INFO - 强制等待10秒
